#
# A fatal error has been detected by the Java Runtime Environment:
#
#  Internal Error (oopMapCache.cpp:110), pid=52070, tid=23043
#  Error: ShouldNotReachHere()
#
# JRE version: OpenJDK Runtime Environment (13.0.1+9) (build 13.0.1+9)
# Java VM: OpenJDK 64-Bit Server VM (13.0.1+9, mixed mode, sharing, tiered, compressed oops, g1 gc, bsd-amd64)
# No core dump will be written. Core dumps have been disabled. To enable core dumping, try "ulimit -c unlimited" before starting Java again
#
# If you would like to submit a bug report, please visit:
#   http://bugreport.java.com/bugreport/crash.jsp
#

---------------  S U M M A R Y ------------

Command Line: -agentlib:jdwp=transport=dt_socket,address=127.0.0.1:49560,suspend=y,server=n -ea -Didea.test.cyclic.buffer.size=1048576 -Dfile.encoding=UTF-8 com.intellij.rt.execution.junit.JUnitStarter -ideVersion5 -junit4 study.spring.rest.studyspringrest.events.EventControllerTests,getEvent

Host: MacBookPro14,1 x86_64 2300 MHz, 4 cores, 16G, Darwin 19.0.0
Time: Fri Dec 20 17:47:27 2019 KST elapsed time: 6644 seconds (0d 1h 50m 44s)

---------------  T H R E A D  ---------------

Current thread (0x00007fbfda017800):  JavaThread "JDWP Transport Listener: dt_socket" daemon [_thread_in_vm, id=23043, stack(0x000070000dc47000,0x000070000dd47000)] _threads_hazard_ptr=0x00007fbfd85a22b0

Stack: [0x000070000dc47000,0x000070000dd47000],  sp=0x000070000dd462d0,  free space=1020k
Native frames: (J=compiled Java code, A=aot compiled Java code, j=interpreted, Vv=VM code, C=native code)
V  [libjvm.dylib+0x780945]  _ZN7VMError14report_and_dieEiPKcS1_P13__va_list_tagP6ThreadPhPvS7_S1_im+0x671
V  [libjvm.dylib+0x780f35]  _ZN7VMError14report_and_dieEP6ThreadPvPKciS4_S4_P13__va_list_tag+0x47
V  [libjvm.dylib+0x25e460]  _Z15report_vm_errorPKciS0_S0_z+0xa9
V  [libjvm.dylib+0x61da04]  _ZN19OopMapForCacheEntry11compute_mapEP6Thread+0x7e
V  [libjvm.dylib+0x61e1bc]  _ZN16OopMapCacheEntry4fillERK12methodHandlei+0xac
V  [libjvm.dylib+0x61eaed]  _ZN11OopMapCache19compute_one_oop_mapERK12methodHandleiP17InterpreterOopMap+0x5d
V  [libjvm.dylib+0x5e75a4]  _ZN6Method8mask_forEiP17InterpreterOopMap+0x7e
V  [libjvm.dylib+0x776542]  _ZNK17interpretedVFrame10stack_dataEb+0x48
V  [libjvm.dylib+0x4ff059]  _ZN16VM_GetOrSetLocal22check_slot_type_no_lvtEP10javaVFrame+0x4d
V  [libjvm.dylib+0x4ff107]  _ZN16VM_GetOrSetLocal13doit_prologueEv+0x4f
V  [libjvm.dylib+0x789630]  _ZN8VMThread7executeEP12VM_Operation+0x13e
V  [libjvm.dylib+0x4eb2aa]  _ZN8JvmtiEnv14GetLocalObjectEP10JavaThreadiiPP8_jobject+0x54
V  [libjvm.dylib+0x4ad5ff]  _ZL20jvmti_GetLocalObjectP9_jvmtiEnvP8_jobjectiiPS2_+0x157
C  [libjdwp.dylib+0x75d8]  thisObject+0x1ac
C  [libjdwp.dylib+0xece5]  debugLoop_run+0x1f1
C  [libjdwp.dylib+0x1fe08]  attachThread+0x4c
V  [libjvm.dylib+0x4fdb6a]  _ZN16JvmtiAgentThread19call_start_functionEv+0x38
V  [libjvm.dylib+0x72fe98]  _ZN10JavaThread17thread_main_innerEv+0x86
V  [libjvm.dylib+0x72fcd6]  _ZN10JavaThread3runEv+0x124
V  [libjvm.dylib+0x72daf5]  _ZN6Thread8call_runEv+0x71
V  [libjvm.dylib+0x62642d]  _ZL19thread_native_entryP6Thread+0x132
C  [libsystem_pthread.dylib+0x5d36]  _pthread_start+0x7d
C  [libsystem_pthread.dylib+0x258f]  thread_start+0xf


---------------  P R O C E S S  ---------------

Threads class SMR info:
_java_thread_list=0x00007fbfd85a22b0, length=13, elements={
0x00007fbfd8806000, 0x00007fbfd903c000, 0x00007fbfd8873000, 0x00007fbfd9867800,
0x00007fbfd903d000, 0x00007fbfd98bd000, 0x00007fbfd903e000, 0x00007fbfda017800,
0x00007fbfd906b800, 0x00007fbfd906c800, 0x00007fbfd903f000, 0x00007fbfd9040800,
0x00007fbfdd92d800
}

Java Threads: ( => current thread )
  0x00007fbfd8806000 JavaThread "main" [_thread_blocked, id=10243, stack(0x000070000ce1a000,0x000070000cf1a000)]
  0x00007fbfd903c000 JavaThread "Reference Handler" daemon [_thread_blocked, id=17155, stack(0x000070000d52f000,0x000070000d62f000)]
  0x00007fbfd8873000 JavaThread "Finalizer" daemon [_thread_blocked, id=13571, stack(0x000070000d632000,0x000070000d732000)]
  0x00007fbfd9867800 JavaThread "Signal Dispatcher" daemon [_thread_blocked, id=21763, stack(0x000070000d83b000,0x000070000d93b000)]
  0x00007fbfd903d000 JavaThread "C2 CompilerThread0" daemon [_thread_blocked, id=43011, stack(0x000070000d93e000,0x000070000da3e000)]
  0x00007fbfd98bd000 JavaThread "C1 CompilerThread0" daemon [_thread_blocked, id=22275, stack(0x000070000da41000,0x000070000db41000)]
  0x00007fbfd903e000 JavaThread "Sweeper thread" daemon [_thread_blocked, id=41731, stack(0x000070000db44000,0x000070000dc44000)]
=>0x00007fbfda017800 JavaThread "JDWP Transport Listener: dt_socket" daemon [_thread_in_vm, id=23043, stack(0x000070000dc47000,0x000070000dd47000)] _threads_hazard_ptr=0x00007fbfd85a22b0
  0x00007fbfd906b800 JavaThread "JDWP Event Helper Thread" daemon [_thread_blocked, id=41219, stack(0x000070000dd4a000,0x000070000de4a000)]
  0x00007fbfd906c800 JavaThread "JDWP Command Reader" daemon [_thread_in_native, id=40707, stack(0x000070000de4d000,0x000070000df4d000)]
  0x00007fbfd903f000 JavaThread "Service Thread" daemon [_thread_blocked, id=40451, stack(0x000070000df50000,0x000070000e050000)]
  0x00007fbfd9040800 JavaThread "Common-Cleaner" daemon [_thread_blocked, id=25091, stack(0x000070000e156000,0x000070000e256000)]
  0x00007fbfdd92d800 JavaThread "HikariPool-1 housekeeper" daemon [_thread_blocked, id=26631, stack(0x000070000e665000,0x000070000e765000)]

Other Threads:
  0x00007fbfd903b800 VMThread "VM Thread" [stack: 0x000070000d42c000,0x000070000d52c000] [id=13059]
  0x00007fbfd903f800 WatcherThread [stack: 0x000070000e053000,0x000070000e153000] [id=24579]
  0x00007fbfd9000000 GCTaskThread "GC Thread#0" [stack: 0x000070000cf1d000,0x000070000d01d000] [id=11267]
  0x00007fbfda04d000 GCTaskThread "GC Thread#1" [stack: 0x000070000e35c000,0x000070000e45c000] [id=39427]
  0x00007fbfda16a800 GCTaskThread "GC Thread#2" [stack: 0x000070000e45f000,0x000070000e55f000] [id=25859]
  0x00007fbfda16b000 GCTaskThread "GC Thread#3" [stack: 0x000070000e562000,0x000070000e662000] [id=38659]
  0x00007fbfd8808800 ConcurrentGCThread "G1 Main Marker" [stack: 0x000070000d020000,0x000070000d120000] [id=11523]
  0x00007fbfda004000 ConcurrentGCThread "G1 Conc#0" [stack: 0x000070000d123000,0x000070000d223000] [id=12035]
  0x00007fbfd984e800 ConcurrentGCThread "G1 Refine#0" [stack: 0x000070000d226000,0x000070000d326000] [id=19459]
  0x00007fbfd984f800 ConcurrentGCThread "G1 Young RemSet Sampling" [stack: 0x000070000d329000,0x000070000d429000] [id=18947]

Threads with active compile tasks:

VM state:not at safepoint (normal execution)

VM Mutex/Monitor currently owned by a thread: None

Heap address: 0x0000000700000000, size: 4096 MB, Compressed Oops mode: Zero based, Oop shift amount: 3
Narrow klass base: 0x0000000800000000, Narrow klass shift: 3
Compressed class space size: 1073741824 Address: 0x0000000800add000

Heap:
 garbage-first heap   total 118784K, used 74790K [0x0000000700000000, 0x0000000800000000)
  region size 1024K, 46 young (47104K), 6 survivors (6144K)
 Metaspace       used 64585K, capacity 66120K, committed 66312K, reserved 1105920K
  class space    used 8771K, capacity 9344K, committed 9472K, reserved 1048576K
Heap Regions: E=young(eden), S=young(survivor), O=old, HS=humongous(starts), HC=humongous(continues), CS=collection set, F=free, A=archive, TAMS=top-at-mark-start (previous, next)
|   0|0x0000000700000000, 0x0000000700100000, 0x0000000700100000|100%|HS|  |TAMS 0x0000000700100000, 0x0000000700000000| Complete 
|   1|0x0000000700100000, 0x0000000700200000, 0x0000000700200000|100%| O|  |TAMS 0x0000000700200000, 0x0000000700100000| Untracked 
|   2|0x0000000700200000, 0x0000000700300000, 0x0000000700300000|100%| O|  |TAMS 0x0000000700300000, 0x0000000700200000| Untracked 
|   3|0x0000000700300000, 0x0000000700400000, 0x0000000700400000|100%| O|  |TAMS 0x0000000700400000, 0x0000000700300000| Untracked 
|   4|0x0000000700400000, 0x0000000700500000, 0x0000000700500000|100%| O|  |TAMS 0x0000000700500000, 0x0000000700400000| Untracked 
|   5|0x0000000700500000, 0x0000000700600000, 0x0000000700600000|100%| O|  |TAMS 0x0000000700600000, 0x0000000700500000| Untracked 
|   6|0x0000000700600000, 0x00000007006e1800, 0x0000000700700000| 88%| O|  |TAMS 0x00000007006e1800, 0x0000000700600000| Untracked 
|   7|0x0000000700700000, 0x0000000700800000, 0x0000000700800000|100%| O|  |TAMS 0x0000000700800000, 0x0000000700700000| Untracked 
|   8|0x0000000700800000, 0x0000000700900000, 0x0000000700900000|100%| O|  |TAMS 0x0000000700900000, 0x0000000700800000| Untracked 
|   9|0x0000000700900000, 0x0000000700a00000, 0x0000000700a00000|100%| O|  |TAMS 0x0000000700a00000, 0x0000000700900000| Untracked 
|  10|0x0000000700a00000, 0x0000000700b00000, 0x0000000700b00000|100%| O|  |TAMS 0x0000000700b00000, 0x0000000700a00000| Untracked 
|  11|0x0000000700b00000, 0x0000000700c00000, 0x0000000700c00000|100%| O|  |TAMS 0x0000000700c00000, 0x0000000700b00000| Untracked 
|  12|0x0000000700c00000, 0x0000000700d00000, 0x0000000700d00000|100%| O|  |TAMS 0x0000000700d00000, 0x0000000700c00000| Untracked 
|  13|0x0000000700d00000, 0x0000000700e00000, 0x0000000700e00000|100%| O|  |TAMS 0x0000000700e00000, 0x0000000700d00000| Untracked 
|  14|0x0000000700e00000, 0x0000000700e0fc00, 0x0000000700f00000|  6%| O|  |TAMS 0x0000000700e0fc00, 0x0000000700e00000| Untracked 
|  15|0x0000000700f00000, 0x0000000701000000, 0x0000000701000000|100%| O|  |TAMS 0x0000000701000000, 0x0000000700f00000| Untracked 
|  16|0x0000000701000000, 0x0000000701100000, 0x0000000701100000|100%| O|  |TAMS 0x0000000701100000, 0x0000000701000000| Untracked 
|  17|0x0000000701100000, 0x0000000701200000, 0x0000000701200000|100%| O|  |TAMS 0x0000000701200000, 0x0000000701100000| Untracked 
|  18|0x0000000701200000, 0x0000000701300000, 0x0000000701300000|100%| O|  |TAMS 0x0000000701300000, 0x0000000701200000| Untracked 
|  19|0x0000000701300000, 0x0000000701400000, 0x0000000701400000|100%| O|  |TAMS 0x0000000701400000, 0x0000000701300000| Untracked 
|  20|0x0000000701400000, 0x0000000701500000, 0x0000000701500000|100%| O|  |TAMS 0x0000000701500000, 0x0000000701400000| Untracked 
|  21|0x0000000701500000, 0x0000000701600000, 0x0000000701600000|100%| O|  |TAMS 0x0000000701600000, 0x0000000701500000| Untracked 
|  22|0x0000000701600000, 0x0000000701700000, 0x0000000701700000|100%| O|  |TAMS 0x0000000701700000, 0x0000000701600000| Untracked 
|  23|0x0000000701700000, 0x0000000701800000, 0x0000000701800000|100%| O|  |TAMS 0x0000000701800000, 0x0000000701700000| Untracked 
|  24|0x0000000701800000, 0x0000000701900000, 0x0000000701900000|100%| O|  |TAMS 0x0000000701900000, 0x0000000701800000| Untracked 
|  25|0x0000000701900000, 0x0000000701a00000, 0x0000000701a00000|100%| O|  |TAMS 0x0000000701a00000, 0x0000000701900000| Untracked 
|  26|0x0000000701a00000, 0x0000000701b00000, 0x0000000701b00000|100%| O|  |TAMS 0x0000000701ae8400, 0x0000000701a00000| Untracked 
|  27|0x0000000701b00000, 0x0000000701c00000, 0x0000000701c00000|100%| O|  |TAMS 0x0000000701b00000, 0x0000000701b00000| Untracked 
|  28|0x0000000701c00000, 0x0000000701cbcc00, 0x0000000701d00000| 73%| O|  |TAMS 0x0000000701c00000, 0x0000000701c00000| Untracked 
|  29|0x0000000701d00000, 0x0000000701d00000, 0x0000000701e00000|  0%| F|  |TAMS 0x0000000701d00000, 0x0000000701d00000| Untracked 
|  30|0x0000000701e00000, 0x0000000701e00000, 0x0000000701f00000|  0%| F|  |TAMS 0x0000000701e00000, 0x0000000701e00000| Untracked 
|  31|0x0000000701f00000, 0x0000000701f00000, 0x0000000702000000|  0%| F|  |TAMS 0x0000000701f00000, 0x0000000701f00000| Untracked 
|  32|0x0000000702000000, 0x0000000702000000, 0x0000000702100000|  0%| F|  |TAMS 0x0000000702000000, 0x0000000702000000| Untracked 
|  33|0x0000000702100000, 0x0000000702100000, 0x0000000702200000|  0%| F|  |TAMS 0x0000000702100000, 0x0000000702100000| Untracked 
|  34|0x0000000702200000, 0x0000000702200000, 0x0000000702300000|  0%| F|  |TAMS 0x0000000702200000, 0x0000000702200000| Untracked 
|  35|0x0000000702300000, 0x0000000702300000, 0x0000000702400000|  0%| F|  |TAMS 0x0000000702300000, 0x0000000702300000| Untracked 
|  36|0x0000000702400000, 0x0000000702400000, 0x0000000702500000|  0%| F|  |TAMS 0x0000000702400000, 0x0000000702400000| Untracked 
|  37|0x0000000702500000, 0x0000000702500000, 0x0000000702600000|  0%| F|  |TAMS 0x0000000702500000, 0x0000000702500000| Untracked 
|  38|0x0000000702600000, 0x0000000702600000, 0x0000000702700000|  0%| F|  |TAMS 0x0000000702600000, 0x0000000702600000| Untracked 
|  39|0x0000000702700000, 0x0000000702700000, 0x0000000702800000|  0%| F|  |TAMS 0x0000000702700000, 0x0000000702700000| Untracked 
|  40|0x0000000702800000, 0x0000000702800000, 0x0000000702900000|  0%| F|  |TAMS 0x0000000702800000, 0x0000000702800000| Untracked 
|  41|0x0000000702900000, 0x0000000702900000, 0x0000000702a00000|  0%| F|  |TAMS 0x0000000702900000, 0x0000000702900000| Untracked 
|  42|0x0000000702a00000, 0x0000000702a00000, 0x0000000702b00000|  0%| F|  |TAMS 0x0000000702a00000, 0x0000000702a00000| Untracked 
|  43|0x0000000702b00000, 0x0000000702b00000, 0x0000000702c00000|  0%| F|  |TAMS 0x0000000702b00000, 0x0000000702b00000| Untracked 
|  44|0x0000000702c00000, 0x0000000702c00000, 0x0000000702d00000|  0%| F|  |TAMS 0x0000000702c00000, 0x0000000702c00000| Untracked 
|  45|0x0000000702d00000, 0x0000000702d00000, 0x0000000702e00000|  0%| F|  |TAMS 0x0000000702d00000, 0x0000000702d00000| Untracked 
|  46|0x0000000702e00000, 0x0000000702e00000, 0x0000000702f00000|  0%| F|  |TAMS 0x0000000702e00000, 0x0000000702e00000| Untracked 
|  47|0x0000000702f00000, 0x0000000702f00000, 0x0000000703000000|  0%| F|  |TAMS 0x0000000702f00000, 0x0000000702f00000| Untracked 
|  48|0x0000000703000000, 0x0000000703000000, 0x0000000703100000|  0%| F|  |TAMS 0x0000000703000000, 0x0000000703000000| Untracked 
|  49|0x0000000703100000, 0x0000000703100000, 0x0000000703200000|  0%| F|  |TAMS 0x0000000703100000, 0x0000000703100000| Untracked 
|  50|0x0000000703200000, 0x0000000703200000, 0x0000000703300000|  0%| F|  |TAMS 0x0000000703200000, 0x0000000703200000| Untracked 
|  51|0x0000000703300000, 0x0000000703300000, 0x0000000703400000|  0%| F|  |TAMS 0x0000000703300000, 0x0000000703300000| Untracked 
|  52|0x0000000703400000, 0x0000000703400000, 0x0000000703500000|  0%| F|  |TAMS 0x0000000703400000, 0x0000000703400000| Untracked 
|  53|0x0000000703500000, 0x0000000703500000, 0x0000000703600000|  0%| F|  |TAMS 0x0000000703500000, 0x0000000703500000| Untracked 
|  54|0x0000000703600000, 0x0000000703600000, 0x0000000703700000|  0%| F|  |TAMS 0x0000000703600000, 0x0000000703600000| Untracked 
|  55|0x0000000703700000, 0x0000000703700000, 0x0000000703800000|  0%| F|  |TAMS 0x0000000703700000, 0x0000000703700000| Untracked 
|  56|0x0000000703800000, 0x0000000703800000, 0x0000000703900000|  0%| F|  |TAMS 0x0000000703800000, 0x0000000703800000| Untracked 
|  57|0x0000000703900000, 0x0000000703900000, 0x0000000703a00000|  0%| F|  |TAMS 0x0000000703900000, 0x0000000703900000| Untracked 
|  58|0x0000000703a00000, 0x0000000703a00000, 0x0000000703b00000|  0%| F|  |TAMS 0x0000000703a00000, 0x0000000703a00000| Untracked 
|  59|0x0000000703b00000, 0x0000000703b00000, 0x0000000703c00000|  0%| F|  |TAMS 0x0000000703b00000, 0x0000000703b00000| Untracked 
|  60|0x0000000703c00000, 0x0000000703c00000, 0x0000000703d00000|  0%| F|  |TAMS 0x0000000703c00000, 0x0000000703c00000| Untracked 
|  61|0x0000000703d00000, 0x0000000703d00000, 0x0000000703e00000|  0%| F|  |TAMS 0x0000000703d00000, 0x0000000703d00000| Untracked 
|  62|0x0000000703e00000, 0x0000000703e00000, 0x0000000703f00000|  0%| F|  |TAMS 0x0000000703e00000, 0x0000000703e00000| Untracked 
|  63|0x0000000703f00000, 0x0000000703f00000, 0x0000000704000000|  0%| F|  |TAMS 0x0000000703f00000, 0x0000000703f00000| Untracked 
|  64|0x0000000704000000, 0x0000000704000000, 0x0000000704100000|  0%| F|  |TAMS 0x0000000704000000, 0x0000000704000000| Untracked 
|  65|0x0000000704100000, 0x000000070419eb30, 0x0000000704200000| 61%| S|CS|TAMS 0x0000000704100000, 0x0000000704100000| Complete 
|  66|0x0000000704200000, 0x0000000704300000, 0x0000000704300000|100%| S|CS|TAMS 0x0000000704200000, 0x0000000704200000| Complete 
|  67|0x0000000704300000, 0x0000000704400000, 0x0000000704400000|100%| S|CS|TAMS 0x0000000704300000, 0x0000000704300000| Complete 
|  68|0x0000000704400000, 0x0000000704500000, 0x0000000704500000|100%| S|CS|TAMS 0x0000000704400000, 0x0000000704400000| Complete 
|  69|0x0000000704500000, 0x0000000704600000, 0x0000000704600000|100%| S|CS|TAMS 0x0000000704500000, 0x0000000704500000| Complete 
|  70|0x0000000704600000, 0x0000000704700000, 0x0000000704700000|100%| S|CS|TAMS 0x0000000704600000, 0x0000000704600000| Complete 
|  71|0x0000000704700000, 0x0000000704700000, 0x0000000704800000|  0%| F|  |TAMS 0x0000000704700000, 0x0000000704700000| Untracked 
|  72|0x0000000704800000, 0x0000000704800000, 0x0000000704900000|  0%| F|  |TAMS 0x0000000704800000, 0x0000000704800000| Untracked 
|  73|0x0000000704900000, 0x0000000704900000, 0x0000000704a00000|  0%| F|  |TAMS 0x0000000704900000, 0x0000000704900000| Untracked 
|  74|0x0000000704a00000, 0x0000000704b00000, 0x0000000704b00000|100%| E|  |TAMS 0x0000000704a00000, 0x0000000704a00000| Complete 
|  75|0x0000000704b00000, 0x0000000704c00000, 0x0000000704c00000|100%| E|CS|TAMS 0x0000000704b00000, 0x0000000704b00000| Complete 
|  76|0x0000000704c00000, 0x0000000704d00000, 0x0000000704d00000|100%| E|CS|TAMS 0x0000000704c00000, 0x0000000704c00000| Complete 
|  77|0x0000000704d00000, 0x0000000704e00000, 0x0000000704e00000|100%| E|CS|TAMS 0x0000000704d00000, 0x0000000704d00000| Complete 
|  78|0x0000000704e00000, 0x0000000704f00000, 0x0000000704f00000|100%| E|CS|TAMS 0x0000000704e00000, 0x0000000704e00000| Complete 
|  79|0x0000000704f00000, 0x0000000705000000, 0x0000000705000000|100%| E|CS|TAMS 0x0000000704f00000, 0x0000000704f00000| Complete 
|  80|0x0000000705000000, 0x0000000705100000, 0x0000000705100000|100%| E|CS|TAMS 0x0000000705000000, 0x0000000705000000| Complete 
|  81|0x0000000705100000, 0x0000000705200000, 0x0000000705200000|100%| E|CS|TAMS 0x0000000705100000, 0x0000000705100000| Complete 
|  82|0x0000000705200000, 0x0000000705300000, 0x0000000705300000|100%| E|CS|TAMS 0x0000000705200000, 0x0000000705200000| Complete 
|  83|0x0000000705300000, 0x0000000705400000, 0x0000000705400000|100%| E|CS|TAMS 0x0000000705300000, 0x0000000705300000| Complete 
|  84|0x0000000705400000, 0x0000000705500000, 0x0000000705500000|100%| E|CS|TAMS 0x0000000705400000, 0x0000000705400000| Complete 
|  85|0x0000000705500000, 0x0000000705600000, 0x0000000705600000|100%| E|CS|TAMS 0x0000000705500000, 0x0000000705500000| Complete 
|  86|0x0000000705600000, 0x0000000705700000, 0x0000000705700000|100%| E|CS|TAMS 0x0000000705600000, 0x0000000705600000| Complete 
|  87|0x0000000705700000, 0x0000000705800000, 0x0000000705800000|100%| E|CS|TAMS 0x0000000705700000, 0x0000000705700000| Complete 
|  88|0x0000000705800000, 0x0000000705900000, 0x0000000705900000|100%| E|CS|TAMS 0x0000000705800000, 0x0000000705800000| Complete 
|  89|0x0000000705900000, 0x0000000705a00000, 0x0000000705a00000|100%| E|CS|TAMS 0x0000000705900000, 0x0000000705900000| Complete 
|  90|0x0000000705a00000, 0x0000000705b00000, 0x0000000705b00000|100%| E|CS|TAMS 0x0000000705a00000, 0x0000000705a00000| Complete 
|  91|0x0000000705b00000, 0x0000000705c00000, 0x0000000705c00000|100%| E|CS|TAMS 0x0000000705b00000, 0x0000000705b00000| Complete 
|  92|0x0000000705c00000, 0x0000000705d00000, 0x0000000705d00000|100%| E|CS|TAMS 0x0000000705c00000, 0x0000000705c00000| Complete 
|  93|0x0000000705d00000, 0x0000000705e00000, 0x0000000705e00000|100%| E|CS|TAMS 0x0000000705d00000, 0x0000000705d00000| Complete 
|  94|0x0000000705e00000, 0x0000000705f00000, 0x0000000705f00000|100%| E|CS|TAMS 0x0000000705e00000, 0x0000000705e00000| Complete 
|  95|0x0000000705f00000, 0x0000000706000000, 0x0000000706000000|100%| E|CS|TAMS 0x0000000705f00000, 0x0000000705f00000| Complete 
|  96|0x0000000706000000, 0x0000000706100000, 0x0000000706100000|100%| E|CS|TAMS 0x0000000706000000, 0x0000000706000000| Complete 
|  97|0x0000000706100000, 0x0000000706200000, 0x0000000706200000|100%| E|CS|TAMS 0x0000000706100000, 0x0000000706100000| Complete 
|  98|0x0000000706200000, 0x0000000706300000, 0x0000000706300000|100%| E|CS|TAMS 0x0000000706200000, 0x0000000706200000| Complete 
|  99|0x0000000706300000, 0x0000000706400000, 0x0000000706400000|100%| E|CS|TAMS 0x0000000706300000, 0x0000000706300000| Complete 
| 100|0x0000000706400000, 0x0000000706500000, 0x0000000706500000|100%| E|CS|TAMS 0x0000000706400000, 0x0000000706400000| Complete 
| 101|0x0000000706500000, 0x0000000706600000, 0x0000000706600000|100%| E|CS|TAMS 0x0000000706500000, 0x0000000706500000| Complete 
| 102|0x0000000706600000, 0x0000000706700000, 0x0000000706700000|100%| E|CS|TAMS 0x0000000706600000, 0x0000000706600000| Complete 
| 103|0x0000000706700000, 0x0000000706800000, 0x0000000706800000|100%| E|CS|TAMS 0x0000000706700000, 0x0000000706700000| Complete 
| 104|0x0000000706800000, 0x0000000706900000, 0x0000000706900000|100%| E|CS|TAMS 0x0000000706800000, 0x0000000706800000| Complete 
| 105|0x0000000706900000, 0x0000000706a00000, 0x0000000706a00000|100%| E|CS|TAMS 0x0000000706900000, 0x0000000706900000| Complete 
| 106|0x0000000706a00000, 0x0000000706b00000, 0x0000000706b00000|100%| E|CS|TAMS 0x0000000706a00000, 0x0000000706a00000| Complete 
| 107|0x0000000706b00000, 0x0000000706c00000, 0x0000000706c00000|100%| E|CS|TAMS 0x0000000706b00000, 0x0000000706b00000| Complete 
| 108|0x0000000706c00000, 0x0000000706d00000, 0x0000000706d00000|100%| E|CS|TAMS 0x0000000706c00000, 0x0000000706c00000| Complete 
| 109|0x0000000706d00000, 0x0000000706e00000, 0x0000000706e00000|100%| E|CS|TAMS 0x0000000706d00000, 0x0000000706d00000| Complete 
| 110|0x0000000706e00000, 0x0000000706f00000, 0x0000000706f00000|100%| E|CS|TAMS 0x0000000706e00000, 0x0000000706e00000| Complete 
| 111|0x0000000706f00000, 0x0000000707000000, 0x0000000707000000|100%| E|CS|TAMS 0x0000000706f00000, 0x0000000706f00000| Complete 
| 112|0x0000000707000000, 0x0000000707100000, 0x0000000707100000|100%| E|CS|TAMS 0x0000000707000000, 0x0000000707000000| Complete 
| 307|0x0000000713300000, 0x0000000713400000, 0x0000000713400000|100%| E|CS|TAMS 0x0000000713300000, 0x0000000713300000| Complete 
|3070|0x00000007bfe00000, 0x00000007bfe47000, 0x00000007bff00000| 27%|OA|  |TAMS 0x00000007bfe47000, 0x00000007bfe00000| Untracked 
|3071|0x00000007bff00000, 0x00000007bff76000, 0x00000007c0000000| 46%|CA|  |TAMS 0x00000007bff76000, 0x00000007bff00000| Untracked 

Card table byte_map: [0x0000000120417000,0x0000000120c17000] _byte_map_base: 0x000000011cc17000

Marking Bits (Prev, Next): (CMBitMap*) 0x00007fbfd8800058, (CMBitMap*) 0x00007fbfd8800018
 Prev Bits: [0x0000000125417000, 0x0000000129417000)
 Next Bits: [0x0000000121417000, 0x0000000125417000)

Polling page: 0x00000001069ad000

Metaspace:

Usage:
  Non-class:     55.45 MB capacity,    54.51 MB ( 98%) used,   762.23 KB (  1%) free+waste,   200.50 KB ( <1%) overhead. 
      Class:      9.12 MB capacity,     8.57 MB ( 94%) used,   479.83 KB (  5%) free+waste,    92.31 KB ( <1%) overhead. 
       Both:     64.57 MB capacity,    63.07 MB ( 98%) used,     1.21 MB (  2%) free+waste,   292.81 KB ( <1%) overhead. 

Virtual space:
  Non-class space:       56.00 MB reserved,      55.51 MB (>99%) committed 
      Class space:        1.00 GB reserved,       9.25 MB ( <1%) committed 
             Both:        1.05 GB reserved,      64.76 MB (  6%) committed 

Chunk freelists:
   Non-Class:  56.00 KB
       Class:  12.00 KB
        Both:  68.00 KB

MaxMetaspaceSize: unlimited
CompressedClassSpaceSize: 1.00 GB

CodeHeap 'non-profiled nmethods': size=120032Kb used=3146Kb max_used=3418Kb free=116885Kb
 bounds [0x00000001181f4000, 0x0000000118554000, 0x000000011f72c000]
CodeHeap 'profiled nmethods': size=120032Kb used=11052Kb max_used=12092Kb free=108979Kb
 bounds [0x0000000110cbc000, 0x000000011189c000, 0x00000001181f4000]
CodeHeap 'non-nmethods': size=5696Kb used=1386Kb max_used=1469Kb free=4309Kb
 bounds [0x000000011072c000, 0x000000011099c000, 0x0000000110cbc000]
 total_blobs=7535 nmethods=5229 adapters=521
 compilation: enabled
              stopped_count=0, restarted_count=0
 full_count=0

Compilation events (20 events):
Event: 11.650 Thread 0x00007fbfd98bd000 5840       3       org.springframework.core.annotation.AttributeMethods::isAttributeMethod (23 bytes)
Event: 11.650 Thread 0x00007fbfd98bd000 nmethod 5840 0x000000011188b410 code [0x000000011188b5c0, 0x000000011188b830]
Event: 11.664 Thread 0x00007fbfd903d000 nmethod 5787 0x0000000118542990 code [0x0000000118542c60, 0x0000000118545910]
Event: 11.665 Thread 0x00007fbfd903d000 5838       4       java.util.Arrays::equals (57 bytes)
Event: 11.667 Thread 0x00007fbfd903d000 nmethod 5838 0x0000000118547090 code [0x0000000118547220, 0x0000000118547398]
Event: 11.667 Thread 0x00007fbfd903d000 5816       4       jdk.internal.org.objectweb.asm.ByteVector::put12 (64 bytes)
Event: 11.676 Thread 0x00007fbfd903d000 nmethod 5816 0x0000000118547510 code [0x00000001185476a0, 0x0000000118547cf8]
Event: 11.676 Thread 0x00007fbfd903d000 5814   !   4       java.util.zip.ZipFile$CleanableResource::releaseInflater (53 bytes)
Event: 11.687 Thread 0x00007fbfd903d000 nmethod 5814 0x0000000118547f10 code [0x00000001185480c0, 0x0000000118548c68]
Event: 11.687 Thread 0x00007fbfd903d000 5812       4       java.util.zip.ZipFile$ZipFileInflaterInputStream::<init> (41 bytes)
Event: 11.702 Thread 0x00007fbfd903d000 nmethod 5812 0x0000000118549110 code [0x00000001185492c0, 0x0000000118549e28]
Event: 11.702 Thread 0x00007fbfd903d000 5813       4       java.util.zip.ZipFile$InflaterCleanupAction::run (12 bytes)
Event: 11.702 Thread 0x00007fbfd903d000 nmethod 5813 0x000000011854a190 code [0x000000011854a320, 0x000000011854a408]
Event: 11.702 Thread 0x00007fbfd903d000 5820       4       java.util.Calendar::internalSet (8 bytes)
Event: 11.703 Thread 0x00007fbfd903d000 nmethod 5820 0x000000011854a510 code [0x000000011854a680, 0x000000011854a778]
Event: 11.703 Thread 0x00007fbfd903d000 5804       4       ch.qos.logback.core.pattern.LiteralConverter::convert (5 bytes)
Event: 11.703 Thread 0x00007fbfd903d000 nmethod 5804 0x000000011854a890 code [0x000000011854aa00, 0x000000011854aa78]
Event: 11.778 Thread 0x00007fbfd98bd000 5841   !   3       java.util.concurrent.ConcurrentHashMap::initTable (112 bytes)
Event: 11.779 Thread 0x00007fbfd98bd000 nmethod 5841 0x000000011188b910 code [0x000000011188bae0, 0x000000011188c148]
Event: 11.857 Thread 0x00007fbfd90aa000 nmethod 5773 0x0000000118341190 code [0x00000001183416c0, 0x0000000118345ac0]

GC Heap History (20 events):
Event: 5.326 GC heap before
{Heap before GC invocations=9 (full 0):
 garbage-first heap   total 55296K, used 40293K [0x0000000700000000, 0x0000000800000000)
  region size 1024K, 27 young (27648K), 4 survivors (4096K)
 Metaspace       used 28327K, capacity 29194K, committed 29360K, reserved 1075200K
  class space    used 3665K, capacity 4019K, committed 4096K, reserved 1048576K
}
Event: 5.340 GC heap after
{Heap after GC invocations=10 (full 0):
 garbage-first heap   total 158720K, used 18105K [0x0000000700000000, 0x0000000800000000)
  region size 1024K, 3 young (3072K), 3 survivors (3072K)
 Metaspace       used 28327K, capacity 29194K, committed 29360K, reserved 1075200K
  class space    used 3665K, capacity 4019K, committed 4096K, reserved 1048576K
}
Event: 6.230 GC heap before
{Heap before GC invocations=10 (full 0):
 garbage-first heap   total 158720K, used 59065K [0x0000000700000000, 0x0000000800000000)
  region size 1024K, 44 young (45056K), 3 survivors (3072K)
 Metaspace       used 34751K, capacity 35601K, committed 35920K, reserved 1081344K
  class space    used 4668K, capacity 5000K, committed 5120K, reserved 1048576K
}
Event: 6.240 GC heap after
{Heap after GC invocations=11 (full 0):
 garbage-first heap   total 158720K, used 20349K [0x0000000700000000, 0x0000000800000000)
  region size 1024K, 6 young (6144K), 6 survivors (6144K)
 Metaspace       used 34751K, capacity 35601K, committed 35920K, reserved 1081344K
  class space    used 4668K, capacity 5000K, committed 5120K, reserved 1048576K
}
Event: 7.036 GC heap before
{Heap before GC invocations=12 (full 0):
 garbage-first heap   total 81920K, used 63357K [0x0000000700000000, 0x0000000800000000)
  region size 1024K, 48 young (49152K), 6 survivors (6144K)
 Metaspace       used 43313K, capacity 44225K, committed 44880K, reserved 1087488K
  class space    used 5675K, capacity 6039K, committed 6144K, reserved 1048576K
}
Event: 7.053 GC heap after
{Heap after GC invocations=13 (full 0):
 garbage-first heap   total 81920K, used 22907K [0x0000000700000000, 0x0000000800000000)
  region size 1024K, 5 young (5120K), 5 survivors (5120K)
 Metaspace       used 43313K, capacity 44225K, committed 44880K, reserved 1087488K
  class space    used 5675K, capacity 6039K, committed 6144K, reserved 1048576K
}
Event: 7.726 GC heap before
{Heap before GC invocations=13 (full 0):
 garbage-first heap   total 81920K, used 58747K [0x0000000700000000, 0x0000000800000000)
  region size 1024K, 40 young (40960K), 5 survivors (5120K)
 Metaspace       used 48889K, capacity 49793K, committed 50384K, reserved 1093632K
  class space    used 6538K, capacity 6907K, committed 7040K, reserved 1048576K
}
Event: 7.738 GC heap after
{Heap after GC invocations=14 (full 0):
 garbage-first heap   total 81920K, used 23875K [0x0000000700000000, 0x0000000800000000)
  region size 1024K, 4 young (4096K), 4 survivors (4096K)
 Metaspace       used 48889K, capacity 49793K, committed 50384K, reserved 1093632K
  class space    used 6538K, capacity 6907K, committed 7040K, reserved 1048576K
}
Event: 8.322 GC heap before
{Heap before GC invocations=14 (full 0):
 garbage-first heap   total 81920K, used 60739K [0x0000000700000000, 0x0000000800000000)
  region size 1024K, 40 young (40960K), 4 survivors (4096K)
 Metaspace       used 52535K, capacity 53669K, committed 53968K, reserved 1095680K
  class space    used 7009K, capacity 7451K, committed 7552K, reserved 1048576K
}
Event: 8.335 GC heap after
{Heap after GC invocations=15 (full 0):
 garbage-first heap   total 98304K, used 25273K [0x0000000700000000, 0x0000000800000000)
  region size 1024K, 3 young (3072K), 3 survivors (3072K)
 Metaspace       used 52535K, capacity 53669K, committed 53968K, reserved 1095680K
  class space    used 7009K, capacity 7451K, committed 7552K, reserved 1048576K
}
Event: 8.965 GC heap before
{Heap before GC invocations=15 (full 0):
 garbage-first heap   total 98304K, used 69305K [0x0000000700000000, 0x0000000800000000)
  region size 1024K, 46 young (47104K), 3 survivors (3072K)
 Metaspace       used 54726K, capacity 55927K, committed 56272K, reserved 1097728K
  class space    used 7283K, capacity 7732K, committed 7808K, reserved 1048576K
}
Event: 8.977 GC heap after
{Heap after GC invocations=16 (full 0):
 garbage-first heap   total 98304K, used 27200K [0x0000000700000000, 0x0000000800000000)
  region size 1024K, 5 young (5120K), 5 survivors (5120K)
 Metaspace       used 54726K, capacity 55927K, committed 56272K, reserved 1097728K
  class space    used 7283K, capacity 7732K, committed 7808K, reserved 1048576K
}
Event: 9.555 GC heap before
{Heap before GC invocations=16 (full 0):
 garbage-first heap   total 98304K, used 71232K [0x0000000700000000, 0x0000000800000000)
  region size 1024K, 48 young (49152K), 5 survivors (5120K)
 Metaspace       used 57442K, capacity 58673K, committed 59088K, reserved 1099776K
  class space    used 7718K, capacity 8193K, committed 8320K, reserved 1048576K
}
Event: 9.569 GC heap after
{Heap after GC invocations=17 (full 0):
 garbage-first heap   total 98304K, used 28747K [0x0000000700000000, 0x0000000800000000)
  region size 1024K, 4 young (4096K), 4 survivors (4096K)
 Metaspace       used 57442K, capacity 58673K, committed 59088K, reserved 1099776K
  class space    used 7718K, capacity 8193K, committed 8320K, reserved 1048576K
}
Event: 10.054 GC heap before
{Heap before GC invocations=17 (full 0):
 garbage-first heap   total 98304K, used 72779K [0x0000000700000000, 0x0000000800000000)
  region size 1024K, 47 young (48128K), 4 survivors (4096K)
 Metaspace       used 58534K, capacity 59835K, committed 59984K, reserved 1101824K
  class space    used 7903K, capacity 8408K, committed 8448K, reserved 1048576K
}
Event: 10.067 GC heap after
{Heap after GC invocations=18 (full 0):
 garbage-first heap   total 98304K, used 31322K [0x0000000700000000, 0x0000000800000000)
  region size 1024K, 4 young (4096K), 4 survivors (4096K)
 Metaspace       used 58534K, capacity 59835K, committed 59984K, reserved 1101824K
  class space    used 7903K, capacity 8408K, committed 8448K, reserved 1048576K
}
Event: 10.282 GC heap before
{Heap before GC invocations=18 (full 0):
 garbage-first heap   total 98304K, used 44634K [0x0000000700000000, 0x0000000800000000)
  region size 1024K, 18 young (18432K), 4 survivors (4096K)
 Metaspace       used 58820K, capacity 60104K, committed 60296K, reserved 1101824K
  class space    used 7941K, capacity 8456K, committed 8576K, reserved 1048576K
}
Event: 10.294 GC heap after
{Heap after GC invocations=19 (full 0):
 garbage-first heap   total 118784K, used 32172K [0x0000000700000000, 0x0000000800000000)
  region size 1024K, 3 young (3072K), 3 survivors (3072K)
 Metaspace       used 58820K, capacity 60104K, committed 60296K, reserved 1101824K
  class space    used 7941K, capacity 8456K, committed 8576K, reserved 1048576K
}
Event: 10.761 GC heap before
{Heap before GC invocations=20 (full 0):
 garbage-first heap   total 118784K, used 73132K [0x0000000700000000, 0x0000000800000000)
  region size 1024K, 43 young (44032K), 3 survivors (3072K)
 Metaspace       used 59569K, capacity 60955K, committed 61192K, reserved 1101824K
  class space    used 8070K, capacity 8608K, committed 8704K, reserved 1048576K
}
Event: 10.777 GC heap after
{Heap after GC invocations=21 (full 0):
 garbage-first heap   total 118784K, used 34854K [0x0000000700000000, 0x0000000800000000)
  region size 1024K, 6 young (6144K), 6 survivors (6144K)
 Metaspace       used 59569K, capacity 60955K, committed 61192K, reserved 1101824K
  class space    used 8070K, capacity 8608K, committed 8704K, reserved 1048576K
}

Deoptimization events (20 events):
Event: 11.582 Thread 0x00007fbfd8806000 DEOPT PACKING pc=0x0000000111296814 sp=0x000070000cf18520
Event: 11.582 Thread 0x00007fbfd8806000 DEOPT UNPACKING pc=0x000000011077533a sp=0x000070000cf17a08 mode 1
Event: 11.622 Thread 0x00007fbfd8806000 Uncommon trap: trap_request=0xffffff45 fr.pc=0x0000000118211c48 relative=0x0000000000000708
Event: 11.622 Thread 0x00007fbfd8806000 Uncommon trap: reason=unstable_if action=reinterpret pc=0x0000000118211c48 method=java.lang.AbstractStringBuilder.append(Ljava/lang/String;)Ljava/lang/AbstractStringBuilder; @ 1 c2
Event: 11.622 Thread 0x00007fbfd8806000 DEOPT PACKING pc=0x0000000118211c48 sp=0x000070000cf17330
Event: 11.622 Thread 0x00007fbfd8806000 DEOPT UNPACKING pc=0x0000000110774e25 sp=0x000070000cf172d0 mode 2
Event: 11.631 Thread 0x00007fbfd8806000 DEOPT PACKING pc=0x000000011122419c sp=0x000070000cf16440
Event: 11.631 Thread 0x00007fbfd8806000 DEOPT UNPACKING pc=0x000000011077533a sp=0x000070000cf159c0 mode 1
Event: 11.631 Thread 0x00007fbfd8806000 DEOPT PACKING pc=0x0000000111518aec sp=0x000070000cf16560
Event: 11.631 Thread 0x00007fbfd8806000 DEOPT UNPACKING pc=0x000000011077533a sp=0x000070000cf15a70 mode 1
Event: 11.631 Thread 0x00007fbfd8806000 DEOPT PACKING pc=0x000000011122419c sp=0x000070000cf16460
Event: 11.631 Thread 0x00007fbfd8806000 DEOPT UNPACKING pc=0x000000011077533a sp=0x000070000cf159f8 mode 1
Event: 11.631 Thread 0x00007fbfd8806000 DEOPT PACKING pc=0x000000011122419c sp=0x000070000cf16460
Event: 11.631 Thread 0x00007fbfd8806000 DEOPT UNPACKING pc=0x000000011077533a sp=0x000070000cf159f8 mode 1
Event: 11.631 Thread 0x00007fbfd8806000 DEOPT PACKING pc=0x000000011122419c sp=0x000070000cf16460
Event: 11.631 Thread 0x00007fbfd8806000 DEOPT UNPACKING pc=0x000000011077533a sp=0x000070000cf159f8 mode 1
Event: 11.631 Thread 0x00007fbfd8806000 DEOPT PACKING pc=0x00000001111b0a0c sp=0x000070000cf16380
Event: 11.631 Thread 0x00007fbfd8806000 DEOPT UNPACKING pc=0x000000011077533a sp=0x000070000cf158d0 mode 1
Event: 11.631 Thread 0x00007fbfd8806000 DEOPT PACKING pc=0x0000000110ff7f54 sp=0x000070000cf16490
Event: 11.631 Thread 0x00007fbfd8806000 DEOPT UNPACKING pc=0x000000011077533a sp=0x000070000cf15a08 mode 1

Classes unloaded (0 events):
No events

Classes redefined (2 events):
Event: 424.924 Thread 0x00007fbfd903b800 redefined class name=study.spring.rest.studyspringrest.events.EventController, count=1
Event: 2572.408 Thread 0x00007fbfd903b800 redefined class name=study.spring.rest.studyspringrest.events.EventController, count=2

Internal exceptions (20 events):
Event: 10.858 Thread 0x00007fbfd8806000 Exception <a 'java/lang/ClassNotFoundException'{0x0000000706d32430}: java/lang/ObjectCustomizer> (0x0000000706d32430) 
thrown [/scratch/mesos/slaves/fcf4c0c4-d73e-4321-860c-6613427db92b-S1400/frameworks/1735e8a2-a1db-478c-8104-60c8b0af87dd-0196/executors/daacdadf-a1b9-40bc-9978-e61e217c02bb/runs/8ae9fce2-2d0e-4b1f-b6c6-d913bc747292/workspace/open/src/hotspot/share/classfile/systemDictionary.cpp, line 232]
Event: 10.858 Thread 0x00007fbfd8806000 Exception <a 'java/lang/ClassNotFoundException'{0x0000000706d4d9b8}: org/springframework/web/servlet/support/AbstractFlashMapManagerCustomizer> (0x0000000706d4d9b8) 
thrown [/scratch/mesos/slaves/fcf4c0c4-d73e-4321-860c-6613427db92b-S1400/frameworks/1735e8a2-a1db-478c-8104-60c8b0af87dd-0196/executors/daacdadf-a1b9-40bc-9978-e61e217c02bb/runs/8ae9fce2-2d0e-4b1f-b6c6-d913bc747292/workspace/open/src/hotspot/share/classfile/systemDictionary.cpp, line 232]
Event: 10.859 Thread 0x00007fbfd8806000 Exception <a 'java/lang/ClassNotFoundException'{0x0000000706d6a628}: org/springframework/web/servlet/support/SessionFlashMapManagerCustomizer> (0x0000000706d6a628) 
thrown [/scratch/mesos/slaves/fcf4c0c4-d73e-4321-860c-6613427db92b-S1400/frameworks/1735e8a2-a1db-478c-8104-60c8b0af87dd-0196/executors/daacdadf-a1b9-40bc-9978-e61e217c02bb/runs/8ae9fce2-2d0e-4b1f-b6c6-d913bc747292/workspace/open/src/hotspot/share/classfile/systemDictionary.cpp, line 232]
Event: 10.859 Thread 0x00007fbfd8806000 Exception <a 'java/lang/ClassNotFoundException'{0x0000000706d82080}: org/springframework/web/servlet/FlashMapManagerCustomizer> (0x0000000706d82080) 
thrown [/scratch/mesos/slaves/fcf4c0c4-d73e-4321-860c-6613427db92b-S1400/frameworks/1735e8a2-a1db-478c-8104-60c8b0af87dd-0196/executors/daacdadf-a1b9-40bc-9978-e61e217c02bb/runs/8ae9fce2-2d0e-4b1f-b6c6-d913bc747292/workspace/open/src/hotspot/share/classfile/systemDictionary.cpp, line 232]
Event: 10.861 Thread 0x00007fbfd8806000 Exception <a 'java/lang/ClassNotFoundException'{0x0000000706da4e68}: java/lang/ObjectCustomizer> (0x0000000706da4e68) 
thrown [/scratch/mesos/slaves/fcf4c0c4-d73e-4321-860c-6613427db92b-S1400/frameworks/1735e8a2-a1db-478c-8104-60c8b0af87dd-0196/executors/daacdadf-a1b9-40bc-9978-e61e217c02bb/runs/8ae9fce2-2d0e-4b1f-b6c6-d913bc747292/workspace/open/src/hotspot/share/classfile/systemDictionary.cpp, line 232]
Event: 10.862 Thread 0x00007fbfd8806000 Exception <a 'java/lang/ClassNotFoundException'{0x0000000706dbcb18}: org/springframework/test/web/servlet/MockMvcCustomizer> (0x0000000706dbcb18) 
thrown [/scratch/mesos/slaves/fcf4c0c4-d73e-4321-860c-6613427db92b-S1400/frameworks/1735e8a2-a1db-478c-8104-60c8b0af87dd-0196/executors/daacdadf-a1b9-40bc-9978-e61e217c02bb/runs/8ae9fce2-2d0e-4b1f-b6c6-d913bc747292/workspace/open/src/hotspot/share/classfile/systemDictionary.cpp, line 232]
Event: 10.988 Thread 0x00007fbfd8806000 Exception <a 'java/lang/ClassNotFoundException'{0x0000000706915128}: java/lang/ObjectCustomizer> (0x0000000706915128) 
thrown [/scratch/mesos/slaves/fcf4c0c4-d73e-4321-860c-6613427db92b-S1400/frameworks/1735e8a2-a1db-478c-8104-60c8b0af87dd-0196/executors/daacdadf-a1b9-40bc-9978-e61e217c02bb/runs/8ae9fce2-2d0e-4b1f-b6c6-d913bc747292/workspace/open/src/hotspot/share/classfile/systemDictionary.cpp, line 232]
Event: 10.989 Thread 0x00007fbfd8806000 Exception <a 'java/lang/ClassNotFoundException'{0x000000070692e6a0}: study/spring/rest/studyspringrest/accounts/AccountCustomizer> (0x000000070692e6a0) 
thrown [/scratch/mesos/slaves/fcf4c0c4-d73e-4321-860c-6613427db92b-S1400/frameworks/1735e8a2-a1db-478c-8104-60c8b0af87dd-0196/executors/daacdadf-a1b9-40bc-9978-e61e217c02bb/runs/8ae9fce2-2d0e-4b1f-b6c6-d913bc747292/workspace/open/src/hotspot/share/classfile/systemDictionary.cpp, line 232]
Event: 11.166 Thread 0x00007fbfd8806000 Exception <a 'java/lang/ClassNotFoundException'{0x000000070634fbf0}: java/lang/ObjectCustomizer> (0x000000070634fbf0) 
thrown [/scratch/mesos/slaves/fcf4c0c4-d73e-4321-860c-6613427db92b-S1400/frameworks/1735e8a2-a1db-478c-8104-60c8b0af87dd-0196/executors/daacdadf-a1b9-40bc-9978-e61e217c02bb/runs/8ae9fce2-2d0e-4b1f-b6c6-d913bc747292/workspace/open/src/hotspot/share/classfile/systemDictionary.cpp, line 232]
Event: 11.166 Thread 0x00007fbfd8806000 Exception <a 'java/lang/ClassNotFoundException'{0x000000070636a370}: study/spring/rest/studyspringrest/common/BaseControllerTestCustomizer> (0x000000070636a370) 
thrown [/scratch/mesos/slaves/fcf4c0c4-d73e-4321-860c-6613427db92b-S1400/frameworks/1735e8a2-a1db-478c-8104-60c8b0af87dd-0196/executors/daacdadf-a1b9-40bc-9978-e61e217c02bb/runs/8ae9fce2-2d0e-4b1f-b6c6-d913bc747292/workspace/open/src/hotspot/share/classfile/systemDictionary.cpp, line 232]
Event: 11.167 Thread 0x00007fbfd8806000 Exception <a 'java/lang/ClassNotFoundException'{0x0000000706382e48}: study/spring/rest/studyspringrest/events/EventControllerTestsCustomizer> (0x0000000706382e48) 
thrown [/scratch/mesos/slaves/fcf4c0c4-d73e-4321-860c-6613427db92b-S1400/frameworks/1735e8a2-a1db-478c-8104-60c8b0af87dd-0196/executors/daacdadf-a1b9-40bc-9978-e61e217c02bb/runs/8ae9fce2-2d0e-4b1f-b6c6-d913bc747292/workspace/open/src/hotspot/share/classfile/systemDictionary.cpp, line 232]
Event: 11.184 Thread 0x00007fbfd8806000 Exception <a 'java/lang/NoSuchMethodError'{0x000000070620f580}: 'java.lang.Object java.lang.invoke.DirectMethodHandle$Holder.invokeSpecial(java.lang.Object, java.lang.Object, java.lang.Object, java.lang.Object, java.lang.Object, int)'> (0x000000070620f580) 
thrown [/scratch/mesos/slaves/fcf4c0c4-d73e-4321-860c-6613427db92b-S1400/frameworks/1735e8a2-a1db-478c-8104-60c8b0af87dd-0196/executors/daacdadf-a1b9-40bc-9978-e61e217c02bb/runs/8ae9fce2-2d0e-4b1f-b6c6-d913bc747292/workspace/open/src/hotspot/share/inter
Event: 11.185 Thread 0x00007fbfd8806000 Exception <a 'java/lang/NoSuchMethodError'{0x0000000706212568}: 'java.lang.Object java.lang.invoke.Invokers$Holder.linkToTargetMethod(java.lang.Object, java.lang.Object, java.lang.Object, int, java.lang.Object)'> (0x0000000706212568) 
thrown [/scratch/mesos/slaves/fcf4c0c4-d73e-4321-860c-6613427db92b-S1400/frameworks/1735e8a2-a1db-478c-8104-60c8b0af87dd-0196/executors/daacdadf-a1b9-40bc-9978-e61e217c02bb/runs/8ae9fce2-2d0e-4b1f-b6c6-d913bc747292/workspace/open/src/hotspot/share/interpreter/linkResolver.cpp
Event: 11.362 Thread 0x00007fbfd8806000 Exception <a 'java/lang/ClassNotFoundException'{0x0000000705a3ec70}: java/lang/ClassLoader$ByteBuddyAccessor$HjIqdzNf> (0x0000000705a3ec70) 
thrown [/scratch/mesos/slaves/fcf4c0c4-d73e-4321-860c-6613427db92b-S1400/frameworks/1735e8a2-a1db-478c-8104-60c8b0af87dd-0196/executors/daacdadf-a1b9-40bc-9978-e61e217c02bb/runs/8ae9fce2-2d0e-4b1f-b6c6-d913bc747292/workspace/open/src/hotspot/share/classfile/systemDictionary.cpp, line 232]
Event: 11.562 Thread 0x00007fbfd8806000 Exception <a 'java/lang/ClassNotFoundException'{0x0000000705097780}: java/lang/ObjectCustomizer> (0x0000000705097780) 
thrown [/scratch/mesos/slaves/fcf4c0c4-d73e-4321-860c-6613427db92b-S1400/frameworks/1735e8a2-a1db-478c-8104-60c8b0af87dd-0196/executors/daacdadf-a1b9-40bc-9978-e61e217c02bb/runs/8ae9fce2-2d0e-4b1f-b6c6-d913bc747292/workspace/open/src/hotspot/share/classfile/systemDictionary.cpp, line 232]
Event: 11.563 Thread 0x00007fbfd8806000 Exception <a 'java/lang/ClassNotFoundException'{0x00000007050afd08}: study/spring/rest/studyspringrest/events/EventCustomizer> (0x00000007050afd08) 
thrown [/scratch/mesos/slaves/fcf4c0c4-d73e-4321-860c-6613427db92b-S1400/frameworks/1735e8a2-a1db-478c-8104-60c8b0af87dd-0196/executors/daacdadf-a1b9-40bc-9978-e61e217c02bb/runs/8ae9fce2-2d0e-4b1f-b6c6-d913bc747292/workspace/open/src/hotspot/share/classfile/systemDictionary.cpp, line 232]
Event: 11.611 Thread 0x00007fbfd8806000 Exception <a 'java/lang/IncompatibleClassChangeError'{0x0000000704decc30}: Found class java.lang.Object, but interface was expected> (0x0000000704decc30) 
thrown [/scratch/mesos/slaves/fcf4c0c4-d73e-4321-860c-6613427db92b-S1400/frameworks/1735e8a2-a1db-478c-8104-60c8b0af87dd-0196/executors/daacdadf-a1b9-40bc-9978-e61e217c02bb/runs/8ae9fce2-2d0e-4b1f-b6c6-d913bc747292/workspace/open/src/hotspot/share/interpreter/linkResolver.cpp, line 833]
Event: 11.622 Thread 0x00007fbfd8806000 Implicit null exception at 0x0000000118211582 to 0x0000000118211c2a
Event: 11.624 Thread 0x00007fbfd8806000 Exception <a 'java/lang/NoSuchMethodError'{0x0000000704caa278}: 'void java.lang.invoke.DirectMethodHandle$Holder.invokeStaticInit(java.lang.Object, java.lang.Object, java.lang.Object)'> (0x0000000704caa278) 
thrown [/scratch/mesos/slaves/fcf4c0c4-d73e-4321-860c-6613427db92b-S1400/frameworks/1735e8a2-a1db-478c-8104-60c8b0af87dd-0196/executors/daacdadf-a1b9-40bc-9978-e61e217c02bb/runs/8ae9fce2-2d0e-4b1f-b6c6-d913bc747292/workspace/open/src/hotspot/share/interpreter/linkResolver.cpp, line 767]
Event: 6644.454 Thread 0x00007fbfda017800 Exception <a 'java/lang/LinkageError'{0x0000000704ab3de0}> (0x0000000704ab3de0) 
thrown [/scratch/mesos/slaves/fcf4c0c4-d73e-4321-860c-6613427db92b-S1400/frameworks/1735e8a2-a1db-478c-8104-60c8b0af87dd-0196/executors/daacdadf-a1b9-40bc-9978-e61e217c02bb/runs/8ae9fce2-2d0e-4b1f-b6c6-d913bc747292/workspace/open/src/hotspot/share/oops/generateOopMap.cpp, line 2140]

Events (20 events):
Event: 4009.293 Executing VM operation: ChangeBreakpoints
Event: 4009.297 Executing VM operation: ChangeBreakpoints done
Event: 5982.794 Executing VM operation: ChangeBreakpoints
Event: 5982.794 Executing VM operation: ChangeBreakpoints done
Event: 5982.799 Executing VM operation: ChangeBreakpoints
Event: 5982.799 Executing VM operation: ChangeBreakpoints done
Event: 5982.801 Executing VM operation: ChangeBreakpoints
Event: 5982.803 Executing VM operation: ChangeBreakpoints done
Event: 6644.439 Executing VM operation: ChangeBreakpoints
Event: 6644.439 Executing VM operation: ChangeBreakpoints done
Event: 6644.440 Executing VM operation: ChangeBreakpoints
Event: 6644.440 Executing VM operation: ChangeBreakpoints done
Event: 6644.450 Executing VM operation: GetFrameCount
Event: 6644.451 Executing VM operation: GetFrameCount done
Event: 6644.453 Executing VM operation: GetFrameCount
Event: 6644.453 Executing VM operation: GetFrameCount done
Event: 6644.453 Executing VM operation: GetStackTrace
Event: 6644.453 Executing VM operation: GetStackTrace done
Event: 6644.454 Executing VM operation: GetFrameLocation
Event: 6644.454 Executing VM operation: GetFrameLocation done


Dynamic libraries:
0x00007fff6e32d000 	/usr/lib/libz.1.dylib
0x0000000106949000 	/Library/Java/JavaVirtualMachines/openjdk-13.0.1.jdk/Contents/Home/lib/libjli.dylib
0x00007fff36b4d000 	/System/Library/Frameworks/Cocoa.framework/Versions/A/Cocoa
0x00007fff44101000 	/System/Library/Frameworks/Security.framework/Versions/A/Security
0x00007fff35aed000 	/System/Library/Frameworks/ApplicationServices.framework/Versions/A/ApplicationServices
0x00007fff6be15000 	/usr/lib/libSystem.B.dylib
0x00007fff6eda5000 	/usr/lib/system/libcache.dylib
0x00007fff6edab000 	/usr/lib/system/libcommonCrypto.dylib
0x00007fff6edb7000 	/usr/lib/system/libcompiler_rt.dylib
0x00007fff6edbf000 	/usr/lib/system/libcopyfile.dylib
0x00007fff6edc9000 	/usr/lib/system/libcorecrypto.dylib
0x00007fff6ef77000 	/usr/lib/system/libdispatch.dylib
0x00007fff6efb9000 	/usr/lib/system/libdyld.dylib
0x00007fff6efef000 	/usr/lib/system/libkeymgr.dylib
0x00007fff6effd000 	/usr/lib/system/liblaunch.dylib
0x00007fff6effe000 	/usr/lib/system/libmacho.dylib
0x00007fff6f004000 	/usr/lib/system/libquarantine.dylib
0x00007fff6f007000 	/usr/lib/system/libremovefile.dylib
0x00007fff6f009000 	/usr/lib/system/libsystem_asl.dylib
0x00007fff6f021000 	/usr/lib/system/libsystem_blocks.dylib
0x00007fff6f022000 	/usr/lib/system/libsystem_c.dylib
0x00007fff6f0aa000 	/usr/lib/system/libsystem_configuration.dylib
0x00007fff6f0ae000 	/usr/lib/system/libsystem_coreservices.dylib
0x00007fff6f0b2000 	/usr/lib/system/libsystem_darwin.dylib
0x00007fff6f0ba000 	/usr/lib/system/libsystem_dnssd.dylib
0x00007fff6f0c2000 	/usr/lib/system/libsystem_featureflags.dylib
0x00007fff6f0c4000 	/usr/lib/system/libsystem_info.dylib
0x00007fff6f13f000 	/usr/lib/system/libsystem_m.dylib
0x00007fff6f187000 	/usr/lib/system/libsystem_malloc.dylib
0x00007fff6f1af000 	/usr/lib/system/libsystem_networkextension.dylib
0x00007fff6f1bd000 	/usr/lib/system/libsystem_notify.dylib
0x00007fff6f1dc000 	/usr/lib/system/libsystem_sandbox.dylib
0x00007fff6f1e1000 	/usr/lib/system/libsystem_secinit.dylib
0x00007fff6f112000 	/usr/lib/system/libsystem_kernel.dylib
0x00007fff6f1c7000 	/usr/lib/system/libsystem_platform.dylib
0x00007fff6f1d1000 	/usr/lib/system/libsystem_pthread.dylib
0x00007fff6f1e4000 	/usr/lib/system/libsystem_symptoms.dylib
0x00007fff6f1ec000 	/usr/lib/system/libsystem_trace.dylib
0x00007fff6f204000 	/usr/lib/system/libunwind.dylib
0x00007fff6f20a000 	/usr/lib/system/libxpc.dylib
0x00007fff6dc55000 	/usr/lib/libobjc.A.dylib
0x00007fff6c147000 	/usr/lib/libc++abi.dylib
0x00007fff6c0f3000 	/usr/lib/libc++.1.dylib
0x00007fff37ab6000 	/System/Library/Frameworks/CoreFoundation.framework/Versions/A/CoreFoundation
0x00007fff3a179000 	/System/Library/Frameworks/Foundation.framework/Versions/C/Foundation
0x00007fff34ce5000 	/System/Library/Frameworks/AppKit.framework/Versions/C/AppKit
0x00007fff375ca000 	/System/Library/Frameworks/CoreData.framework/Versions/A/CoreData
0x00007fff686c0000 	/System/Library/PrivateFrameworks/UIFoundation.framework/Versions/A/UIFoundation
0x00007fff62ef1000 	/System/Library/PrivateFrameworks/RemoteViewServices.framework/Versions/A/RemoteViewServices
0x00007fff6b143000 	/System/Library/PrivateFrameworks/XCTTargetBootstrap.framework/Versions/A/XCTTargetBootstrap
0x00007fff379a9000 	/System/Library/Frameworks/CoreDisplay.framework/Versions/A/CoreDisplay
0x00007fff3ceec000 	/System/Library/Frameworks/Metal.framework/Versions/A/Metal
0x00007fff513fd000 	/System/Library/PrivateFrameworks/DesktopServicesPriv.framework/Versions/A/DesktopServicesPriv
0x00007fff6cf40000 	/usr/lib/liblangid.dylib
0x00007fff50554000 	/System/Library/PrivateFrameworks/CoreSVG.framework/Versions/A/CoreSVG
0x00007fff65c71000 	/System/Library/PrivateFrameworks/SkyLight.framework/Versions/A/SkyLight
0x00007fff37f37000 	/System/Library/Frameworks/CoreGraphics.framework/Versions/A/CoreGraphics
0x00007fff33886000 	/System/Library/Frameworks/Accelerate.framework/Versions/A/Accelerate
0x00007fff6e21e000 	/usr/lib/libxml2.2.dylib
0x00007fff5c100000 	/System/Library/PrivateFrameworks/IconServices.framework/Versions/A/IconServices
0x00007fff3a95b000 	/System/Library/Frameworks/IOSurface.framework/Versions/A/IOSurface
0x00007fff6b94d000 	/usr/lib/libDiagnosticMessagesClient.dylib
0x00007fff51276000 	/System/Library/PrivateFrameworks/DFRFoundation.framework/Versions/A/DFRFoundation
0x00007fff6ccce000 	/usr/lib/libicucore.A.dylib
0x00007fff35e1f000 	/System/Library/Frameworks/AudioToolbox.framework/Versions/A/AudioToolbox
0x00007fff35f01000 	/System/Library/Frameworks/AudioUnit.framework/Versions/A/AudioUnit
0x00007fff6c017000 	/usr/lib/libauto.dylib
0x00007fff512f7000 	/System/Library/PrivateFrameworks/DataDetectorsCore.framework/Versions/A/DataDetectorsCore
0x00007fff3666d000 	/System/Library/Frameworks/Carbon.framework/Versions/A/Frameworks/HIToolbox.framework/Versions/A/HIToolbox
0x00007fff43336000 	/System/Library/Frameworks/QuartzCore.framework/Versions/A/QuartzCore
0x00007fff369ac000 	/System/Library/Frameworks/Carbon.framework/Versions/A/Frameworks/SpeechRecognition.framework/Versions/A/SpeechRecognition
0x00007fff50bfa000 	/System/Library/PrivateFrameworks/CoreUI.framework/Versions/A/CoreUI
0x00007fff37030000 	/System/Library/Frameworks/CoreAudio.framework/Versions/A/CoreAudio
0x00007fff39e41000 	/System/Library/Frameworks/DiskArbitration.framework/Versions/A/DiskArbitration
0x00007fff5e109000 	/System/Library/PrivateFrameworks/MultitouchSupport.framework/Versions/A/MultitouchSupport
0x00007fff6cb94000 	/usr/lib/libenergytrace.dylib
0x00007fff3a8b6000 	/System/Library/Frameworks/IOKit.framework/Versions/A/IOKit
0x00007fff38ea3000 	/System/Library/Frameworks/CoreServices.framework/Versions/A/CoreServices
0x00007fff6017f000 	/System/Library/PrivateFrameworks/PerformanceAnalysis.framework/Versions/A/PerformanceAnalysis
0x00007fff4236d000 	/System/Library/Frameworks/OpenGL.framework/Versions/A/OpenGL
0x00007fff36b5b000 	/System/Library/Frameworks/ColorSync.framework/Versions/A/ColorSync
0x00007fff385bd000 	/System/Library/Frameworks/CoreImage.framework/Versions/A/CoreImage
0x00007fff39918000 	/System/Library/Frameworks/CoreText.framework/Versions/A/CoreText
0x00007fff3a9e2000 	/System/Library/Frameworks/ImageIO.framework/Versions/A/ImageIO
0x00007fff6c16f000 	/usr/lib/libcompression.dylib
0x00007fff6bc8f000 	/usr/lib/libMobileGestalt.dylib
0x00007fff677a2000 	/System/Library/PrivateFrameworks/TextureIO.framework/Versions/A/TextureIO
0x00007fff6bf7d000 	/usr/lib/libate.dylib
0x00007fff5c308000 	/System/Library/PrivateFrameworks/InternationalSupport.framework/Versions/A/InternationalSupport
0x00007fff6cf42000 	/usr/lib/liblzma.5.dylib
0x00007fff6cbbc000 	/usr/lib/libfakelink.dylib
0x00007fff6bf0a000 	/usr/lib/libarchive.2.dylib
0x00007fff452bb000 	/System/Library/Frameworks/SystemConfiguration.framework/Versions/A/SystemConfiguration
0x00007fff6b87e000 	/usr/lib/libCRFSuite.dylib
0x00007fff36277000 	/System/Library/Frameworks/CFNetwork.framework/Versions/A/CFNetwork
0x00007fff6c0d5000 	/usr/lib/libbsm.0.dylib
0x00007fff6eff0000 	/usr/lib/system/libkxld.dylib
0x00007fff4ad93000 	/System/Library/PrivateFrameworks/AppleFSCompression.framework/Versions/A/AppleFSCompression
0x00007fff6c453000 	/usr/lib/libcoretls.dylib
0x00007fff6c46a000 	/usr/lib/libcoretls_cfhelpers.dylib
0x00007fff6dc99000 	/usr/lib/libpam.2.dylib
0x00007fff6ddc9000 	/usr/lib/libsqlite3.dylib
0x00007fff6e20b000 	/usr/lib/libxar.1.dylib
0x00007fff6c0e6000 	/usr/lib/libbz2.1.0.dylib
0x00007fff6cbdd000 	/usr/lib/libiconv.2.dylib
0x00007fff6c15c000 	/usr/lib/libcharset.1.dylib
0x00007fff6d744000 	/usr/lib/libnetwork.dylib
0x00007fff6dca0000 	/usr/lib/libpcap.A.dylib
0x00007fff6bebf000 	/usr/lib/libapple_nghttp2.dylib
0x00007fff3925a000 	/System/Library/Frameworks/CoreServices.framework/Versions/A/Frameworks/FSEvents.framework/Versions/A/FSEvents
0x00007fff38f2a000 	/System/Library/Frameworks/CoreServices.framework/Versions/A/Frameworks/CarbonCore.framework/Versions/A/CarbonCore
0x00007fff3949d000 	/System/Library/Frameworks/CoreServices.framework/Versions/A/Frameworks/Metadata.framework/Versions/A/Metadata
0x00007fff39536000 	/System/Library/Frameworks/CoreServices.framework/Versions/A/Frameworks/OSServices.framework/Versions/A/OSServices
0x00007fff39564000 	/System/Library/Frameworks/CoreServices.framework/Versions/A/Frameworks/SearchKit.framework/Versions/A/SearchKit
0x00007fff38ea4000 	/System/Library/Frameworks/CoreServices.framework/Versions/A/Frameworks/AE.framework/Versions/A/AE
0x00007fff39263000 	/System/Library/Frameworks/CoreServices.framework/Versions/A/Frameworks/LaunchServices.framework/Versions/A/LaunchServices
0x00007fff3920c000 	/System/Library/Frameworks/CoreServices.framework/Versions/A/Frameworks/DictionaryServices.framework/Versions/A/DictionaryServices
0x00007fff395cc000 	/System/Library/Frameworks/CoreServices.framework/Versions/A/Frameworks/SharedFileList.framework/Versions/A/SharedFileList
0x00007fff3e1c1000 	/System/Library/Frameworks/NetFS.framework/Versions/A/NetFS
0x00007fff5e5ac000 	/System/Library/PrivateFrameworks/NetAuth.framework/Versions/A/NetAuth
0x00007fff6b50d000 	/System/Library/PrivateFrameworks/login.framework/Versions/A/Frameworks/loginsupport.framework/Versions/A/loginsupport
0x00007fff672a0000 	/System/Library/PrivateFrameworks/TCC.framework/Versions/A/TCC
0x00007fff4f927000 	/System/Library/PrivateFrameworks/CoreNLP.framework/Versions/A/CoreNLP
0x00007fff5db39000 	/System/Library/PrivateFrameworks/MetadataUtilities.framework/Versions/A/MetadataUtilities
0x00007fff6d01a000 	/usr/lib/libmecabra.dylib
0x00007fff6cf72000 	/usr/lib/libmecab.dylib
0x00007fff6cbcd000 	/usr/lib/libgermantok.dylib
0x00007fff6bea6000 	/usr/lib/libThaiTokenizer.dylib
0x00007fff6b8b6000 	/usr/lib/libChineseTokenizer.dylib
0x00007fff3389e000 	/System/Library/Frameworks/Accelerate.framework/Versions/A/Frameworks/vImage.framework/Versions/A/vImage
0x00007fff34b40000 	/System/Library/Frameworks/Accelerate.framework/Versions/A/Frameworks/vecLib.framework/Versions/A/vecLib
0x00007fff34a84000 	/System/Library/Frameworks/Accelerate.framework/Versions/A/Frameworks/vecLib.framework/Versions/A/libvMisc.dylib
0x00007fff348aa000 	/System/Library/Frameworks/Accelerate.framework/Versions/A/Frameworks/vecLib.framework/Versions/A/libvDSP.dylib
0x00007fff33f0a000 	/System/Library/Frameworks/Accelerate.framework/Versions/A/Frameworks/vecLib.framework/Versions/A/libBLAS.dylib
0x00007fff34464000 	/System/Library/Frameworks/Accelerate.framework/Versions/A/Frameworks/vecLib.framework/Versions/A/libLAPACK.dylib
0x00007fff3480a000 	/System/Library/Frameworks/Accelerate.framework/Versions/A/Frameworks/vecLib.framework/Versions/A/libLinearAlgebra.dylib
0x00007fff34897000 	/System/Library/Frameworks/Accelerate.framework/Versions/A/Frameworks/vecLib.framework/Versions/A/libSparseBLAS.dylib
0x00007fff34820000 	/System/Library/Frameworks/Accelerate.framework/Versions/A/Frameworks/vecLib.framework/Versions/A/libQuadrature.dylib
0x00007fff34173000 	/System/Library/Frameworks/Accelerate.framework/Versions/A/Frameworks/vecLib.framework/Versions/A/libBNNS.dylib
0x00007fff34826000 	/System/Library/Frameworks/Accelerate.framework/Versions/A/Frameworks/vecLib.framework/Versions/A/libSparse.dylib
0x00007fff5c6c6000 	/System/Library/PrivateFrameworks/LanguageModeling.framework/Versions/A/LanguageModeling
0x00007fff4f2c6000 	/System/Library/PrivateFrameworks/CoreEmoji.framework/Versions/A/CoreEmoji
0x00007fff5c7e4000 	/System/Library/PrivateFrameworks/LinguisticData.framework/Versions/A/LinguisticData
0x00007fff5c795000 	/System/Library/PrivateFrameworks/Lexicon.framework/Versions/A/Lexicon
0x00007fff6c15d000 	/usr/lib/libcmph.dylib
0x00007fff40d93000 	/System/Library/Frameworks/OpenDirectory.framework/Versions/A/Frameworks/CFOpenDirectory.framework/Versions/A/CFOpenDirectory
0x00007fff40db0000 	/System/Library/Frameworks/OpenDirectory.framework/Versions/A/OpenDirectory
0x00007fff49081000 	/System/Library/PrivateFrameworks/APFS.framework/Versions/A/APFS
0x00007fff44448000 	/System/Library/Frameworks/SecurityFoundation.framework/Versions/A/SecurityFoundation
0x00007fff6e207000 	/usr/lib/libutil.dylib
0x00007fff505ac000 	/System/Library/PrivateFrameworks/CoreServicesStore.framework/Versions/A/CoreServicesStore
0x00007fff4452a000 	/System/Library/Frameworks/ServiceManagement.framework/Versions/A/ServiceManagement
0x00007fff4c545000 	/System/Library/PrivateFrameworks/BackgroundTaskManagement.framework/Versions/A/BackgroundTaskManagement
0x00007fff6e304000 	/usr/lib/libxslt.1.dylib
0x00007fff4b3f6000 	/System/Library/PrivateFrameworks/AppleSystemInfo.framework/Versions/A/AppleSystemInfo
0x00007fff3abfe000 	/System/Library/Frameworks/ImageIO.framework/Versions/A/Resources/libJPEG.dylib
0x00007fff3aebd000 	/System/Library/Frameworks/ImageIO.framework/Versions/A/Resources/libTIFF.dylib
0x00007fff3aea0000 	/System/Library/Frameworks/ImageIO.framework/Versions/A/Resources/libPng.dylib
0x00007fff3ab3f000 	/System/Library/Frameworks/ImageIO.framework/Versions/A/Resources/libGIF.dylib
0x00007fff3ab43000 	/System/Library/Frameworks/ImageIO.framework/Versions/A/Resources/libJP2.dylib
0x00007fff3aebb000 	/System/Library/Frameworks/ImageIO.framework/Versions/A/Resources/libRadiance.dylib
0x00007fff6cb95000 	/usr/lib/libexpat.1.dylib
0x00007fff4aeee000 	/System/Library/PrivateFrameworks/AppleJPEG.framework/Versions/A/AppleJPEG
0x00007fff5380d000 	/System/Library/PrivateFrameworks/FontServices.framework/libFontParser.dylib
0x00007fff6a56b000 	/System/Library/PrivateFrameworks/WatchdogClient.framework/Versions/A/WatchdogClient
0x00007fff5bd55000 	/System/Library/PrivateFrameworks/IOAccelerator.framework/Versions/A/IOAccelerator
0x00007fff3d27a000 	/System/Library/Frameworks/MetalPerformanceShaders.framework/Versions/A/MetalPerformanceShaders
0x00007fff5855a000 	/System/Library/PrivateFrameworks/GPUWrangler.framework/Versions/A/GPUWrangler
0x00007fff5bd60000 	/System/Library/PrivateFrameworks/IOPresentment.framework/Versions/A/IOPresentment
0x00007fff51289000 	/System/Library/PrivateFrameworks/DSExternalDisplay.framework/Versions/A/DSExternalDisplay
0x00007fff41719000 	/System/Library/Frameworks/OpenGL.framework/Versions/A/Libraries/libCoreFSCache.dylib
0x00007fff3cfcc000 	/System/Library/Frameworks/MetalPerformanceShaders.framework/Frameworks/MPSCore.framework/Versions/A/MPSCore
0x00007fff3d009000 	/System/Library/Frameworks/MetalPerformanceShaders.framework/Frameworks/MPSImage.framework/Versions/A/MPSImage
0x00007fff3d0cb000 	/System/Library/Frameworks/MetalPerformanceShaders.framework/Frameworks/MPSNeuralNetwork.framework/Versions/A/MPSNeuralNetwork
0x00007fff3d090000 	/System/Library/Frameworks/MetalPerformanceShaders.framework/Frameworks/MPSMatrix.framework/Versions/A/MPSMatrix
0x00007fff3d22b000 	/System/Library/Frameworks/MetalPerformanceShaders.framework/Frameworks/MPSRayIntersector.framework/Versions/A/MPSRayIntersector
0x00007fff3d0b5000 	/System/Library/Frameworks/MetalPerformanceShaders.framework/Frameworks/MPSNDArray.framework/Versions/A/MPSNDArray
0x00007fff5db86000 	/System/Library/PrivateFrameworks/MetalTools.framework/Versions/A/MetalTools
0x00007fff4a221000 	/System/Library/PrivateFrameworks/AggregateDictionary.framework/Versions/A/AggregateDictionary
0x00007fff4ed59000 	/System/Library/PrivateFrameworks/CoreAnalytics.framework/Versions/A/CoreAnalytics
0x00007fff4b314000 	/System/Library/PrivateFrameworks/AppleSauce.framework/Versions/A/AppleSauce
0x00007fff6bb72000 	/usr/lib/libIOReport.dylib
0x00007fff39acd000 	/System/Library/Frameworks/CoreVideo.framework/Versions/A/CoreVideo
0x00007fff599bf000 	/System/Library/PrivateFrameworks/GraphVisualizer.framework/Versions/A/GraphVisualizer
0x00007fff52d8c000 	/System/Library/PrivateFrameworks/FaceCore.framework/Versions/A/FaceCore
0x00007fff40d3a000 	/System/Library/Frameworks/OpenCL.framework/Versions/A/OpenCL
0x00007fff6b994000 	/usr/lib/libFosl_dynamic.dylib
0x00007fff5efa4000 	/System/Library/PrivateFrameworks/OTSVG.framework/Versions/A/OTSVG
0x00007fff35bf2000 	/System/Library/Frameworks/ApplicationServices.framework/Versions/A/Frameworks/ATS.framework/Versions/A/Resources/libFontRegistry.dylib
0x00007fff539de000 	/System/Library/PrivateFrameworks/FontServices.framework/libhvf.dylib
0x00007fff41724000 	/System/Library/Frameworks/OpenGL.framework/Versions/A/Libraries/libGFXShared.dylib
0x00007fff41901000 	/System/Library/Frameworks/OpenGL.framework/Versions/A/Libraries/libGLU.dylib
0x00007fff4172d000 	/System/Library/Frameworks/OpenGL.framework/Versions/A/Libraries/libGL.dylib
0x00007fff41738000 	/System/Library/Frameworks/OpenGL.framework/Versions/A/Libraries/libGLImage.dylib
0x00007fff41716000 	/System/Library/Frameworks/OpenGL.framework/Versions/A/Libraries/libCVMSPluginSupport.dylib
0x00007fff4171f000 	/System/Library/Frameworks/OpenGL.framework/Versions/A/Libraries/libCoreVMClient.dylib
0x00007fff6d5e6000 	/usr/lib/libncurses.5.4.dylib
0x00007fff35aee000 	/System/Library/Frameworks/ApplicationServices.framework/Versions/A/Frameworks/ATS.framework/Versions/A/ATS
0x00007fff35cbb000 	/System/Library/Frameworks/ApplicationServices.framework/Versions/A/Frameworks/ColorSyncLegacy.framework/Versions/A/ColorSyncLegacy
0x00007fff35d5a000 	/System/Library/Frameworks/ApplicationServices.framework/Versions/A/Frameworks/HIServices.framework/Versions/A/HIServices
0x00007fff35db1000 	/System/Library/Frameworks/ApplicationServices.framework/Versions/A/Frameworks/LangAnalysis.framework/Versions/A/LangAnalysis
0x00007fff35dc0000 	/System/Library/Frameworks/ApplicationServices.framework/Versions/A/Frameworks/PrintCore.framework/Versions/A/PrintCore
0x00007fff35e06000 	/System/Library/Frameworks/ApplicationServices.framework/Versions/A/Frameworks/QD.framework/Versions/A/QD
0x00007fff35e11000 	/System/Library/Frameworks/ApplicationServices.framework/Versions/A/Frameworks/SpeechSynthesis.framework/Versions/A/SpeechSynthesis
0x00007fff35c8b000 	/System/Library/Frameworks/ApplicationServices.framework/Versions/A/Frameworks/ATSUI.framework/Versions/A/ATSUI
0x00007fff6ca29000 	/usr/lib/libcups.2.dylib
0x00007fff3c32b000 	/System/Library/Frameworks/Kerberos.framework/Versions/A/Kerberos
0x00007fff3a5ad000 	/System/Library/Frameworks/GSS.framework/Versions/A/GSS
0x00007fff6dd55000 	/usr/lib/libresolv.9.dylib
0x00007fff59b60000 	/System/Library/PrivateFrameworks/Heimdal.framework/Versions/A/Heimdal
0x00007fff3c33e000 	/System/Library/Frameworks/Kerberos.framework/Versions/A/Libraries/libHeimdalProxy.dylib
0x00007fff6cbd3000 	/usr/lib/libheimdal-asn1.dylib
0x00007fff4e1fd000 	/System/Library/PrivateFrameworks/CommonAuth.framework/Versions/A/CommonAuth
0x00007fff4b493000 	/System/Library/PrivateFrameworks/AssertionServices.framework/Versions/A/AssertionServices
0x00007fff4c033000 	/System/Library/PrivateFrameworks/AudioToolboxCore.framework/Versions/A/AudioToolboxCore
0x00007fff6b1bf000 	/System/Library/PrivateFrameworks/caulk.framework/Versions/A/caulk
0x00007fff4c5f1000 	/System/Library/PrivateFrameworks/BaseBoard.framework/Versions/A/BaseBoard
0x00007fff6307f000 	/System/Library/PrivateFrameworks/RunningBoardServices.framework/Versions/A/RunningBoardServices
0x00007fff6018b000 	/System/Library/PrivateFrameworks/PersistentConnection.framework/Versions/A/PersistentConnection
0x00007fff62ad3000 	/System/Library/PrivateFrameworks/ProtocolBuffer.framework/Versions/A/ProtocolBuffer
0x00007fff4e222000 	/System/Library/PrivateFrameworks/CommonUtilities.framework/Versions/A/CommonUtilities
0x00007fff4c774000 	/System/Library/PrivateFrameworks/Bom.framework/Versions/A/Bom
0x00007fff6b842000 	/usr/lib/libAudioToolboxUtility.dylib
0x00007fff4c54f000 	/System/Library/PrivateFrameworks/Backup.framework/Versions/A/Backup
0x00007fff50ff7000 	/System/Library/PrivateFrameworks/CrashReporterSupport.framework/Versions/A/CrashReporterSupport
0x00007fff64b19000 	/System/Library/PrivateFrameworks/Sharing.framework/Versions/A/Sharing
0x00007fff4ac39000 	/System/Library/PrivateFrameworks/Apple80211.framework/Versions/A/Apple80211
0x00007fff4c271000 	/System/Library/PrivateFrameworks/AuthKit.framework/Versions/A/AuthKit
0x00007fff50d27000 	/System/Library/PrivateFrameworks/CoreUtils.framework/Versions/A/CoreUtils
0x00007fff39b12000 	/System/Library/Frameworks/CoreWLAN.framework/Versions/A/CoreWLAN
0x00007fff3a737000 	/System/Library/Frameworks/IOBluetooth.framework/Versions/A/IOBluetooth
0x00007fff5de84000 	/System/Library/PrivateFrameworks/MobileKeyBag.framework/Versions/A/MobileKeyBag
0x00007fff4fe00000 	/System/Library/PrivateFrameworks/CorePhoneNumbers.framework/Versions/A/CorePhoneNumbers
0x00007fff4aea1000 	/System/Library/PrivateFrameworks/AppleIDAuthSupport.framework/Versions/A/AppleIDAuthSupport
0x00007fff3e1ce000 	/System/Library/Frameworks/Network.framework/Versions/A/Network
0x00007fff5c54f000 	/System/Library/PrivateFrameworks/KeychainCircle.framework/Versions/A/KeychainCircle
0x00007fff37592000 	/System/Library/Frameworks/CoreBluetooth.framework/Versions/A/CoreBluetooth
0x00007fff667b1000 	/System/Library/PrivateFrameworks/SpeechRecognitionCore.framework/Versions/A/SpeechRecognitionCore
0x00007fff2c142000 	/System/Library/CoreServices/Encodings/libKoreanConverter.dylib
0x0000000107200000 	/Library/Java/JavaVirtualMachines/openjdk-13.0.1.jdk/Contents/Home/lib/server/libjvm.dylib
0x0000000106965000 	/Library/Java/JavaVirtualMachines/openjdk-13.0.1.jdk/Contents/Home/lib/libverify.dylib
0x0000000106971000 	/Library/Java/JavaVirtualMachines/openjdk-13.0.1.jdk/Contents/Home/lib/libjava.dylib
0x00000001069af000 	/Library/Java/JavaVirtualMachines/openjdk-13.0.1.jdk/Contents/Home/lib/libjdwp.dylib
0x00000001069ed000 	/Library/Java/JavaVirtualMachines/openjdk-13.0.1.jdk/Contents/Home/lib/libzip.dylib
0x00000001069f4000 	/Library/Java/JavaVirtualMachines/openjdk-13.0.1.jdk/Contents/Home/lib/libjimage.dylib
0x000000012dd51000 	/Library/Java/JavaVirtualMachines/openjdk-13.0.1.jdk/Contents/Home/lib/libdt_socket.dylib
0x000000012dd61000 	/Library/Java/JavaVirtualMachines/openjdk-13.0.1.jdk/Contents/Home/lib/libnio.dylib
0x000000012dd6f000 	/Library/Java/JavaVirtualMachines/openjdk-13.0.1.jdk/Contents/Home/lib/libnet.dylib
0x000000012de53000 	/Library/Java/JavaVirtualMachines/openjdk-13.0.1.jdk/Contents/Home/lib/libmanagement.dylib
0x000000012de58000 	/Library/Java/JavaVirtualMachines/openjdk-13.0.1.jdk/Contents/Home/lib/libmanagement_ext.dylib
0x00007fff6e1ab000 	/usr/lib/libusrtcp.dylib


VM Arguments:
jvm_args: -agentlib:jdwp=transport=dt_socket,address=127.0.0.1:49560,suspend=y,server=n -ea -Didea.test.cyclic.buffer.size=1048576 -Dfile.encoding=UTF-8 
java_command: com.intellij.rt.execution.junit.JUnitStarter -ideVersion5 -junit4 study.spring.rest.studyspringrest.events.EventControllerTests,getEvent
java_class_path (initial): /Applications/IntelliJ IDEA.app/Contents/lib/idea_rt.jar:/Applications/IntelliJ IDEA.app/Contents/plugins/junit/lib/junit-rt.jar:/Applications/IntelliJ IDEA.app/Contents/plugins/junit/lib/junit5-rt.jar:/Users/younsookim/work/study/study-spring-rest/target/test-classes:/Users/younsookim/work/study/study-spring-rest/target/classes:/Users/younsookim/.m2/repository/org/springframework/boot/spring-boot-starter-data-jpa/2.2.2.RELEASE/spring-boot-starter-data-jpa-2.2.2.RELEASE.jar:/Users/younsookim/.m2/repository/org/springframework/boot/spring-boot-starter-aop/2.2.2.RELEASE/spring-boot-starter-aop-2.2.2.RELEASE.jar:/Users/younsookim/.m2/repository/org/springframework/spring-aop/5.2.2.RELEASE/spring-aop-5.2.2.RELEASE.jar:/Users/younsookim/.m2/repository/org/aspectj/aspectjweaver/1.9.5/aspectjweaver-1.9.5.jar:/Users/younsookim/.m2/repository/org/springframework/boot/spring-boot-starter-jdbc/2.2.2.RELEASE/spring-boot-starter-jdbc-2.2.2.RELEASE.jar:/Users/younsookim/.m2/repository/com/zaxxer/HikariCP/3.4.1/HikariCP-3.4.1.jar:/Users/younsookim/.m2/repository/org/springframework/spring-jdbc/5.2.2.RELEASE/spring-jdbc-5.2.2.RELEASE.jar:/Users/younsookim/.m2/repository/jakarta/activation/jakarta.activation-api/1.2.1/jakarta.activation-api-1.2.1.jar:/Users/younsookim/.m2/repository/jakarta/persistence/jakarta.persistence-api/2.2.3/jakarta.persistence-api-2.2.3.jar:/Users/younsookim/.m2/repository/jakarta/transaction/jakarta.transaction-api/1.3.3/jakarta.transaction-api-1.3.3.jar:/Users/younsookim/.m2/repository/org/hibernate/hibernate-core/5.4.9.Final/hibernate-core-5.4.9.Final.jar:/Users/younsookim/.m2/repository/org/jboss/logging/jboss-logging/3.4.1.Final/jboss-logging-3.4.1.Final.jar:/Users/younsookim/.m2/repository/org/javassist/javassist/3.24.0-GA/javassist-3.24.0-GA.jar:/Users/younsookim/.m2/repository/net/bytebuddy/byte-buddy/1.10.4/byte-buddy-1.10.4.jar:/Users/younsookim/.m2/repository/antlr/antlr/2.7.7/antlr-2.7.7.jar:/Users/younsookim/.m2/repo
Launcher Type: SUN_STANDARD

[Global flags]
     intx CICompilerCount                          = 3                                         {product} {ergonomic}
     uint ConcGCThreads                            = 1                                         {product} {ergonomic}
     uint G1ConcRefinementThreads                  = 4                                         {product} {ergonomic}
   size_t G1HeapRegionSize                         = 1048576                                   {product} {ergonomic}
    uintx GCDrainStackTargetSize                   = 64                                        {product} {ergonomic}
   size_t InitialHeapSize                          = 268435456                                 {product} {ergonomic}
   size_t MarkStackSize                            = 4194304                                   {product} {ergonomic}
   size_t MaxHeapSize                              = 4294967296                                {product} {ergonomic}
   size_t MaxNewSize                               = 2576351232                                {product} {ergonomic}
   size_t MinHeapDeltaBytes                        = 1048576                                   {product} {ergonomic}
   size_t MinHeapSize                              = 8388608                                   {product} {ergonomic}
    uintx NonNMethodCodeHeapSize                   = 5830732                                {pd product} {ergonomic}
    uintx NonProfiledCodeHeapSize                  = 122913754                              {pd product} {ergonomic}
    uintx ProfiledCodeHeapSize                     = 122913754                              {pd product} {ergonomic}
    uintx ReservedCodeCacheSize                    = 251658240                              {pd product} {ergonomic}
     bool SegmentedCodeCache                       = true                                      {product} {ergonomic}
   size_t SoftMaxHeapSize                          = 4294967296                             {manageable} {ergonomic}
     bool UseCompressedClassPointers               = true                                 {lp64_product} {ergonomic}
     bool UseCompressedOops                        = true                                 {lp64_product} {ergonomic}
     bool UseG1GC                                  = true                                      {product} {ergonomic}

Logging:
Log output configuration:
 #0: stdout all=warning uptime,level,tags
 #1: stderr all=off uptime,level,tags

Environment Variables:
PATH=/Users/younsookim/.jenv/shims:/usr/local/bin:/usr/bin:/bin:/usr/sbin:/sbin:/Library/Java/JavaVirtualMachines/jdk1.8.0_65.jdk/Contents/Home/bin:/Users/younsookim/Applications/Maven/apache-maven-3.6.1/bin
SHELL=/bin/zsh

Signal Handlers:
SIGSEGV: [libjvm.dylib+0x781580], sa_mask[0]=11111111011111110111111111111111, sa_flags=SA_ONSTACK|SA_RESTART|SA_SIGINFO
SIGBUS: [libjvm.dylib+0x781580], sa_mask[0]=11111111011111110111111111111111, sa_flags=SA_RESTART|SA_SIGINFO
SIGFPE: [libjvm.dylib+0x781580], sa_mask[0]=11111111011111110111111111111111, sa_flags=SA_RESTART|SA_SIGINFO
SIGPIPE: [libjvm.dylib+0x627f85], sa_mask[0]=11111111011111110111111111111111, sa_flags=SA_RESTART|SA_SIGINFO
SIGXFSZ: [libjvm.dylib+0x627f85], sa_mask[0]=11111111011111110111111111111111, sa_flags=SA_RESTART|SA_SIGINFO
SIGILL: [libjvm.dylib+0x781580], sa_mask[0]=11111111011111110111111111111111, sa_flags=SA_RESTART|SA_SIGINFO
SIGUSR2: [libjvm.dylib+0x62856f], sa_mask[0]=00100000000000000000000000000000, sa_flags=SA_RESTART|SA_SIGINFO
SIGHUP: [libjvm.dylib+0x62755d], sa_mask[0]=11111111011111110111111111111111, sa_flags=SA_RESTART|SA_SIGINFO
SIGINT: [libjvm.dylib+0x62755d], sa_mask[0]=11111111011111110111111111111111, sa_flags=SA_RESTART|SA_SIGINFO
SIGTERM: [libjvm.dylib+0x62755d], sa_mask[0]=11111111011111110111111111111111, sa_flags=SA_RESTART|SA_SIGINFO
SIGQUIT: [libjvm.dylib+0x62755d], sa_mask[0]=11111111011111110111111111111111, sa_flags=SA_RESTART|SA_SIGINFO


---------------  S Y S T E M  ---------------

OS:uname:Darwin 19.0.0 Darwin Kernel Version 19.0.0: Thu Oct 17 16:17:15 PDT 2019; root:xnu-6153.41.3~29/RELEASE_X86_64 x86_64
rlimit: STACK 8192k, CORE 0k, NPROC 2784, NOFILE 10240, AS infinity, DATA infinity, FSIZE infinity
load average:3.21 3.45 3.60

CPU:total 4 (initial active 4) (2 cores per cpu, 2 threads per core) family 6 model 142 stepping 9, cmov, cx8, fxsr, mmx, sse, sse2, sse3, ssse3, sse4.1, sse4.2, popcnt, avx, avx2, aes, clmul, erms, rtm, 3dnowpref, lzcnt, ht, tsc, tscinvbit, bmi1, bmi2, adx, fma

Memory: 4k page, physical 16777216k(62172k free), swap 4194304k(1595904k free)

vm_info: OpenJDK 64-Bit Server VM (13.0.1+9) for bsd-amd64 JRE (13.0.1+9), built on Oct  6 2019 11:52:16 by "mach5one" with clang 4.2.1 Compatible Apple LLVM 10.0.0 (clang-1000.11.45.5)

END.
